[15:49:41] [Server thread/INFO]: Starting minecraft server version 1.15.2
[15:49:41] [Server thread/INFO]: Loading properties
[15:49:41] [Server thread/INFO]: This server is running CraftBukkit version git-Spigot-a99063f-8731c97 (MC: 1.15.2) (Implementing API version 1.15.2-R0.1-SNAPSHOT)
[15:49:41] [Server thread/INFO]: Server Ping Player Sample Count: 12

[15:49:41] [Server thread/INFO]: Using 4 threads for Netty based IO
[15:49:41] [Server thread/INFO]: Debug logging is disabled
[15:49:41] [Server thread/INFO]: Default game type: SURVIVAL
[15:49:41] [Server thread/INFO]: Generating keypair
[15:49:42] [Server thread/INFO]: Starting Minecraft server on *:25565
[15:49:42] [Server thread/INFO]: Using default channel type
[15:49:43] [Server thread/INFO]: [Citizens] Loading Citizens v2.0.29-SNAPSHOT (build 2491)
[15:49:43] [Server thread/INFO]: [CbrPlugin] Loading CbrPlugin v1.0
[15:49:43] [Server thread/INFO]: [speedrun] Loading speedrun v1.0
[15:49:43] [Server thread/WARN]: **** SERVER IS RUNNING IN OFFLINE/INSECURE MODE!
[15:49:43] [Server thread/WARN]: The server will make no attempt to authenticate usernames. Beware.
[15:49:43] [Server thread/WARN]: While this makes the game possible to play without internet access, it also opens up the ability for hackers to connect with any username they choose.
[15:49:43] [Server thread/WARN]: To change this, set "online-mode" to "true" in the server.properties file.
[15:49:43] [Server thread/INFO]: Preparing level "world"
[15:49:43] [Server thread/INFO]: Reloading ResourceManager: Default, bukkit
[15:49:48] [Server thread/INFO]: Loaded 6 recipes
[15:49:48] [Server thread/INFO]: -------- World Settings For [world] --------
[15:49:48] [Server thread/INFO]: View Distance: 10
[15:49:48] [Server thread/INFO]: Allow Zombie Pigmen to spawn from portal blocks: true
[15:49:48] [Server thread/INFO]: Item Despawn Rate: 6000
[15:49:48] [Server thread/INFO]: Item Merge Radius: 2.5
[15:49:48] [Server thread/INFO]: Arrow Despawn Rate: 1200 Trident Respawn Rate:1200
[15:49:48] [Server thread/INFO]: Zombie Aggressive Towards Villager: true
[15:49:48] [Server thread/INFO]: Experience Merge Radius: 3.0
[15:49:48] [Server thread/INFO]: Mob Spawn Range: 6
[15:49:48] [Server thread/INFO]: Cactus Growth Modifier: 100%
[15:49:48] [Server thread/INFO]: Cane Growth Modifier: 100%
[15:49:48] [Server thread/INFO]: Melon Growth Modifier: 100%
[15:49:48] [Server thread/INFO]: Mushroom Growth Modifier: 100%
[15:49:48] [Server thread/INFO]: Pumpkin Growth Modifier: 100%
[15:49:48] [Server thread/INFO]: Sapling Growth Modifier: 100%
[15:49:48] [Server thread/INFO]: Beetroot Growth Modifier: 100%
[15:49:48] [Server thread/INFO]: Carrot Growth Modifier: 100%
[15:49:48] [Server thread/INFO]: Potato Growth Modifier: 100%
[15:49:48] [Server thread/INFO]: Wheat Growth Modifier: 100%
[15:49:48] [Server thread/INFO]: NetherWart Growth Modifier: 100%
[15:49:48] [Server thread/INFO]: Vine Growth Modifier: 100%
[15:49:48] [Server thread/INFO]: Cocoa Growth Modifier: 100%
[15:49:48] [Server thread/INFO]: Bamboo Growth Modifier: 100%
[15:49:48] [Server thread/INFO]: SweetBerry Growth Modifier: 100%
[15:49:48] [Server thread/INFO]: Kelp Growth Modifier: 100%
[15:49:48] [Server thread/INFO]: Entity Activation Range: An 32 / Mo 32 / Ra 48 / Mi 16 / Tiv true
[15:49:48] [Server thread/INFO]: Entity Tracking Range: Pl 48 / An 48 / Mo 48 / Mi 32 / Other 64
[15:49:48] [Server thread/INFO]: Hopper Transfer: 8 Hopper Check: 1 Hopper Amount: 1
[15:49:48] [Server thread/INFO]: Custom Map Seeds:  Village: 10387312 Desert: 14357617 Igloo: 14357618 Jungle: 14357619 Swamp: 14357620 Monument: 10387313 Ocean: 14357621 Shipwreck: 165745295 End City: 10387313 Slime: 987234911
[15:49:48] [Server thread/INFO]: Max TNT Explosions: 100
[15:49:48] [Server thread/INFO]: Tile Max Tick Time: 50ms Entity max Tick Time: 50ms
[15:49:48] [Server thread/INFO]: Nerfing mobs spawned from spawners: false
[15:49:48] [Server thread/INFO]: -------- World Settings For [world_nether] --------
[15:49:48] [Server thread/INFO]: View Distance: 10
[15:49:48] [Server thread/INFO]: Allow Zombie Pigmen to spawn from portal blocks: true
[15:49:48] [Server thread/INFO]: Item Despawn Rate: 6000
[15:49:48] [Server thread/INFO]: Item Merge Radius: 2.5
[15:49:48] [Server thread/INFO]: Arrow Despawn Rate: 1200 Trident Respawn Rate:1200
[15:49:48] [Server thread/INFO]: Zombie Aggressive Towards Villager: true
[15:49:48] [Server thread/INFO]: Experience Merge Radius: 3.0
[15:49:48] [Server thread/INFO]: Mob Spawn Range: 6
[15:49:48] [Server thread/INFO]: Cactus Growth Modifier: 100%
[15:49:48] [Server thread/INFO]: Cane Growth Modifier: 100%
[15:49:48] [Server thread/INFO]: Melon Growth Modifier: 100%
[15:49:48] [Server thread/INFO]: Mushroom Growth Modifier: 100%
[15:49:48] [Server thread/INFO]: Pumpkin Growth Modifier: 100%
[15:49:48] [Server thread/INFO]: Sapling Growth Modifier: 100%
[15:49:48] [Server thread/INFO]: Beetroot Growth Modifier: 100%
[15:49:48] [Server thread/INFO]: Carrot Growth Modifier: 100%
[15:49:48] [Server thread/INFO]: Potato Growth Modifier: 100%
[15:49:48] [Server thread/INFO]: Wheat Growth Modifier: 100%
[15:49:48] [Server thread/INFO]: NetherWart Growth Modifier: 100%
[15:49:48] [Server thread/INFO]: Vine Growth Modifier: 100%
[15:49:48] [Server thread/INFO]: Cocoa Growth Modifier: 100%
[15:49:48] [Server thread/INFO]: Bamboo Growth Modifier: 100%
[15:49:48] [Server thread/INFO]: SweetBerry Growth Modifier: 100%
[15:49:48] [Server thread/INFO]: Kelp Growth Modifier: 100%
[15:49:48] [Server thread/INFO]: Entity Activation Range: An 32 / Mo 32 / Ra 48 / Mi 16 / Tiv true
[15:49:48] [Server thread/INFO]: Entity Tracking Range: Pl 48 / An 48 / Mo 48 / Mi 32 / Other 64
[15:49:48] [Server thread/INFO]: Hopper Transfer: 8 Hopper Check: 1 Hopper Amount: 1
[15:49:48] [Server thread/INFO]: Custom Map Seeds:  Village: 10387312 Desert: 14357617 Igloo: 14357618 Jungle: 14357619 Swamp: 14357620 Monument: 10387313 Ocean: 14357621 Shipwreck: 165745295 End City: 10387313 Slime: 987234911
[15:49:48] [Server thread/INFO]: Max TNT Explosions: 100
[15:49:48] [Server thread/INFO]: Tile Max Tick Time: 50ms Entity max Tick Time: 50ms
[15:49:48] [Server thread/INFO]: Nerfing mobs spawned from spawners: false
[15:49:48] [Server thread/INFO]: -------- World Settings For [world_the_end] --------
[15:49:48] [Server thread/INFO]: View Distance: 10
[15:49:48] [Server thread/INFO]: Allow Zombie Pigmen to spawn from portal blocks: true
[15:49:48] [Server thread/INFO]: Item Despawn Rate: 6000
[15:49:48] [Server thread/INFO]: Item Merge Radius: 2.5
[15:49:48] [Server thread/INFO]: Arrow Despawn Rate: 1200 Trident Respawn Rate:1200
[15:49:48] [Server thread/INFO]: Zombie Aggressive Towards Villager: true
[15:49:48] [Server thread/INFO]: Experience Merge Radius: 3.0
[15:49:48] [Server thread/INFO]: Mob Spawn Range: 6
[15:49:48] [Server thread/INFO]: Cactus Growth Modifier: 100%
[15:49:48] [Server thread/INFO]: Cane Growth Modifier: 100%
[15:49:48] [Server thread/INFO]: Melon Growth Modifier: 100%
[15:49:48] [Server thread/INFO]: Mushroom Growth Modifier: 100%
[15:49:48] [Server thread/INFO]: Pumpkin Growth Modifier: 100%
[15:49:48] [Server thread/INFO]: Sapling Growth Modifier: 100%
[15:49:48] [Server thread/INFO]: Beetroot Growth Modifier: 100%
[15:49:48] [Server thread/INFO]: Carrot Growth Modifier: 100%
[15:49:48] [Server thread/INFO]: Potato Growth Modifier: 100%
[15:49:48] [Server thread/INFO]: Wheat Growth Modifier: 100%
[15:49:48] [Server thread/INFO]: NetherWart Growth Modifier: 100%
[15:49:48] [Server thread/INFO]: Vine Growth Modifier: 100%
[15:49:48] [Server thread/INFO]: Cocoa Growth Modifier: 100%
[15:49:48] [Server thread/INFO]: Bamboo Growth Modifier: 100%
[15:49:48] [Server thread/INFO]: SweetBerry Growth Modifier: 100%
[15:49:48] [Server thread/INFO]: Kelp Growth Modifier: 100%
[15:49:48] [Server thread/INFO]: Entity Activation Range: An 32 / Mo 32 / Ra 48 / Mi 16 / Tiv true
[15:49:48] [Server thread/INFO]: Entity Tracking Range: Pl 48 / An 48 / Mo 48 / Mi 32 / Other 64
[15:49:48] [Server thread/INFO]: Hopper Transfer: 8 Hopper Check: 1 Hopper Amount: 1
[15:49:48] [Server thread/INFO]: Custom Map Seeds:  Village: 10387312 Desert: 14357617 Igloo: 14357618 Jungle: 14357619 Swamp: 14357620 Monument: 10387313 Ocean: 14357621 Shipwreck: 165745295 End City: 10387313 Slime: 987234911
[15:49:48] [Server thread/INFO]: Max TNT Explosions: 100
[15:49:48] [Server thread/INFO]: Tile Max Tick Time: 50ms Entity max Tick Time: 50ms
[15:49:48] [Server thread/INFO]: Nerfing mobs spawned from spawners: false
[15:49:48] [Server thread/INFO]: Preparing start region for dimension 'world'/minecraft:overworld
[15:49:48] [Server thread/INFO]: Preparing spawn area: 0%
[15:49:48] [Server thread/INFO]: Preparing spawn area: 0%
[15:49:49] [Server thread/INFO]: Time elapsed: 901 ms
[15:49:49] [Server thread/INFO]: Preparing start region for dimension 'world_nether'/minecraft:the_nether
[15:49:49] [Server thread/INFO]: Preparing spawn area: 0%
[15:49:49] [Server-Worker-6/INFO]: Preparing spawn area: 0%
[15:49:50] [Server-Worker-3/INFO]: Preparing spawn area: 83%
[15:49:50] [Server-Worker-4/INFO]: Preparing spawn area: 83%
[15:49:51] [Server-Worker-3/INFO]: Preparing spawn area: 84%
[15:49:51] [Server thread/INFO]: Time elapsed: 2299 ms
[15:49:51] [Server thread/INFO]: Preparing start region for dimension 'world_the_end'/minecraft:the_end
[15:49:51] [Server thread/INFO]: Preparing spawn area: 0%
[15:49:52] [Server-Worker-1/INFO]: Preparing spawn area: 83%
[15:49:52] [Server thread/INFO]: Time elapsed: 824 ms
[15:49:52] [Server thread/INFO]: [Citizens] Enabling Citizens v2.0.29-SNAPSHOT (build 2491)
[15:49:52] [Server thread/INFO]: [Citizens] No se puede manipular el uso de la economia. Has Vault esta activado?
[15:49:52] [Server thread/INFO]: [CbrPlugin] Enabling CbrPlugin v1.0
[15:49:52] [Server thread/INFO]: [speedrun] Enabling speedrun v1.0
[15:49:52] [Server thread/INFO]: Crear ArenaManager

[15:49:52] [Server thread/INFO]: ArenaManager busca las arenas en el archivo de configuración

[15:49:52] [Server thread/INFO]: Lee una arena 0

[15:49:52] [Server thread/INFO]: Lee una arena 1

[15:49:52] [Server thread/INFO]: Lee una arena 2

[15:49:52] [Server thread/INFO]: Server permissions file permissions.yml is empty, ignoring it
[15:49:52] [Server thread/INFO]: Done (9.472s)! For help, type "help"
[15:49:52] [Server thread/ERROR]: [Citizens] El rasgo mytraitname fallo al cargar la ID del NPC: 7.
[15:49:52] [Server thread/INFO]: [Citizens] Cargando a 1 NPCs.
[15:49:57] [User Authenticator #1/INFO]: UUID of player vmejiaec is 05ff6e90-c663-3a09-a1e0-8a7af7af5f9c
[15:49:57] [Server thread/INFO]: vmejiaec[/127.0.0.1:6244] logged in with entity id 162 at ([world]176.0, 4.0, -61.0)
[15:50:06] [Server thread/INFO]: vmejiaec issued server command: /arena list
[15:50:15] [Server thread/INFO]: vmejiaec issued server command: /arena join 0
[15:57:03] [Server thread/INFO]: vmejiaec lost connection: Disconnected
[15:57:03] [Server thread/INFO]: vmejiaec left the game
[16:00:43] [User Authenticator #2/INFO]: UUID of player vmejiaec is 05ff6e90-c663-3a09-a1e0-8a7af7af5f9c
[16:00:43] [Server thread/INFO]: vmejiaec[/127.0.0.1:6365] logged in with entity id 637 at ([world]176.0, 4.0, -61.0)
